2016-10-25 21:36:26,622 [ INFO] - com.github.xianzhuo.myLunch.Lunch - [thread: main] -  Lunch.java(25) - food: [牛肉面]
2016-10-25 21:36:26,623 [ INFO] - com.github.xianzhuo.myLunch.Lunch - [thread: main] -  Lunch.java(25) - food: [包子]
2016-10-25 21:36:26,624 [ INFO] - com.github.xianzhuo.myLunch.Lunch - [thread: main] -  Lunch.java(25) - food: [米线]
2016-10-25 21:36:26,624 [ INFO] - com.github.xianzhuo.myLunch.Lunch - [thread: main] -  Lunch.java(25) - food: [炒面]
2016-10-25 21:36:26,624 [ INFO] - com.github.xianzhuo.myLunch.Lunch - [thread: main] -  Lunch.java(25) - food: [盖浇]
2016-10-25 21:36:28,627 [ INFO] - com.github.xianzhuo.myLunch.Lunch - [thread: main] -  Lunch.java(25) - food: [牛肉面]
2016-10-25 21:36:28,629 [ INFO] - com.github.xianzhuo.myLunch.Lunch - [thread: main] -  Lunch.java(25) - food: [包子]
2016-10-25 21:36:28,630 [ INFO] - com.github.xianzhuo.myLunch.Lunch - [thread: main] -  Lunch.java(25) - food: [米线]
2016-10-25 21:36:28,630 [ INFO] - com.github.xianzhuo.myLunch.Lunch - [thread: main] -  Lunch.java(25) - food: [炒面]
2016-10-25 21:36:28,630 [ INFO] - com.github.xianzhuo.myLunch.Lunch - [thread: main] -  Lunch.java(25) - food: [盖浇]
2016-10-25 21:37:14,135 [ INFO] - com.github.xianzhuo.myLunch.Lunch - [thread: main] -  Lunch.java(46) - food: [牛肉面]
2016-10-25 21:37:14,136 [ INFO] - com.github.xianzhuo.myLunch.Lunch - [thread: main] -  Lunch.java(46) - food: [包子]
2016-10-25 21:37:14,138 [ INFO] - com.github.xianzhuo.myLunch.Lunch - [thread: main] -  Lunch.java(46) - food: [米线]
2016-10-25 21:37:14,138 [ INFO] - com.github.xianzhuo.myLunch.Lunch - [thread: main] -  Lunch.java(46) - food: [炒面]
2016-10-25 21:37:14,138 [ INFO] - com.github.xianzhuo.myLunch.Lunch - [thread: main] -  Lunch.java(46) - food: [盖浇]
2016-10-25 21:41:44,248 [ INFO] - com.github.xianzhuo.myLunch.Lunch - [thread: main] -  Lunch.java(52) - {food:[,牛肉面,包子,米线,炒面,盖浇]}
2016-10-25 21:41:56,219 [ INFO] - com.github.xianzhuo.myLunch.Lunch - [thread: main] -  Lunch.java(52) - {food:[牛肉面,包子,米线,炒面,盖浇]}
2016-10-25 21:42:04,157 [ INFO] - com.github.xianzhuo.myLunch.Lunch - [thread: main] -  Lunch.java(52) - {food:[牛肉面,包子,米线,炒面,盖浇]}
2016-10-25 21:44:37 [ INFO] - com.github.xianzhuo.myLunch.Lunch - [thread: main] -  Lunch.java(51) - {food:[牛肉面,包子,米线,炒面,盖浇]}
2016-10-25 21:52:41 [ INFO] - com.github.xianzhuo.myLunch.Lunch - [thread: main] -  Lunch.java(81) - {food:[牛肉面,包子,米线,炒面,盖浇]}
2016-10-25 21:52:41 [ INFO] - com.github.xianzhuo.myLunch.Lunch - [thread: main] -  Lunch.java(81) - {food:[盖浇,米线,炒面,盖浇,包子]}
2016-10-25 21:54:21 [ INFO] - com.github.xianzhuo.myLunch.Lunch - [thread: main] -  Lunch.java(81) - {foods:[牛肉面,包子,米线,炒面,盖浇]}
2016-10-25 21:54:21 [ INFO] - com.github.xianzhuo.myLunch.Lunch - [thread: main] -  Lunch.java(81) - {menu:[牛肉面,包子,牛肉面,盖浇,盖浇]}
2016-10-25 21:55:39 [ INFO] - com.github.xianzhuo.myLunch.Lunch - [thread: main] -  Lunch.java(81) - {foods:[牛肉面,包子,米线,炒面,盖浇]}
2016-10-25 21:55:39 [ INFO] - com.github.xianzhuo.myLunch.Lunch - [thread: main] -  Lunch.java(81) - {menu:[包子,盖浇,包子,牛肉面,米线]}
2016-10-25 22:08:37 [ INFO] - com.github.xianzhuo.myLunch.Lunch - [thread: main] -  Lunch.java(90) - {foods:[牛肉面,包子,米线,炒面,盖浇]}
2016-10-25 22:08:37 [ INFO] - com.github.xianzhuo.myLunch.Lunch - [thread: main] -  Lunch.java(90) - {menu:[包子,包子,米线,炒面,炒面]}
2016-10-25 22:13:26 [ INFO] - com.github.xianzhuo.myLunch.Lunch - [thread: main] -  Lunch.java(96) - {foods:[牛肉面,包子,米线,炒面,盖浇]}
2016-10-25 22:13:26 [ INFO] - com.github.xianzhuo.myLunch.Lunch - [thread: main] -  Lunch.java(96) - {menu:[盖浇,盖浇,牛肉面,炒面,包子]}
2016-10-25 22:13:26 [ INFO] - com.github.xianzhuo.myLunch.Lunch - [thread: main] -  Lunch.java(87) - Today's food is [牛肉面]
2016-10-25 22:53:22 [ INFO] - com.github.xianzhuo.myLunch.Lunch - [thread: main] -  Lunch.java(104) - {foods:[牛肉面,包子,米线,炒面,盖浇]}
2016-10-25 22:53:22 [ INFO] - com.github.xianzhuo.myLunch.Lunch - [thread: main] -  Lunch.java(104) - {menu:[米线,牛肉面,包子,炒面,炒面]}
2016-10-25 22:53:22 [ INFO] - com.github.xianzhuo.myLunch.Lunch - [thread: main] -  Lunch.java(90) - Today's food is [包子]
2016-10-25 22:56:04 [ INFO] - com.github.xianzhuo.myLunch.Lunch - [thread: main] -  Lunch.java(102) - {foods:[牛肉面,包子,米线,炒面,盖浇]}
2016-10-25 22:56:04 [ INFO] - com.github.xianzhuo.myLunch.Lunch - [thread: main] -  Lunch.java(102) - {menu:[炒面,米线,牛肉面,盖浇,炒面]}
2016-10-25 22:56:04 [ INFO] - com.github.xianzhuo.myLunch.Lunch - [thread: main] -  Lunch.java(88) - Today's food is [牛肉面]
2016-10-25 23:00:01 [ INFO] - com.github.xianzhuo.myLunch.Lunch - [thread: main] -  Lunch.java(102) - {foods:[牛肉面,包子,米线,炒面,盖浇]}
2016-10-25 23:00:39 [ INFO] - com.github.xianzhuo.myLunch.Lunch - [thread: main] -  Lunch.java(102) - {foods:[牛肉面,包子,米线,炒面,盖浇]}
2016-10-25 23:01:00 [ERROR] - com.github.xianzhuo.myLunch.Lunch - [thread: pool-1-thread-1] -  PeriodTask.java(45) - Index: 2, Size: 0
2016-10-25 23:02:54 [ INFO] - com.github.xianzhuo.myLunch.Lunch - [thread: main] -  Lunch.java(102) - {foods:[牛肉面,包子,米线,炒面,盖浇]}
2016-10-25 23:03:00 [ERROR] - com.github.xianzhuo.myLunch.Lunch - [thread: pool-1-thread-1] -  PeriodTask.java(46) - Index: 2, Size: 0
java.lang.IndexOutOfBoundsException: Index: 2, Size: 0
	at java.util.ArrayList.rangeCheck(ArrayList.java:653)
	at java.util.ArrayList.get(ArrayList.java:429)
	at com.github.xianzhuo.myLunch.Lunch.getTodayFood(Lunch.java:88)
	at com.github.xianzhuo.myLunch.FoodTask.run(PeriodTask.java:44)
	at java.util.concurrent.Executors$RunnableAdapter.call(Executors.java:511)
	at java.util.concurrent.FutureTask.runAndReset(FutureTask.java:308)
	at java.util.concurrent.ScheduledThreadPoolExecutor$ScheduledFutureTask.access$301(ScheduledThreadPoolExecutor.java:180)
	at java.util.concurrent.ScheduledThreadPoolExecutor$ScheduledFutureTask.run(ScheduledThreadPoolExecutor.java:294)
	at java.util.concurrent.ThreadPoolExecutor.runWorker(ThreadPoolExecutor.java:1142)
	at java.util.concurrent.ThreadPoolExecutor$Worker.run(ThreadPoolExecutor.java:617)
	at java.lang.Thread.run(Thread.java:745)
2016-10-25 23:04:00 [ERROR] - com.github.xianzhuo.myLunch.Lunch - [thread: pool-1-thread-1] -  PeriodTask.java(46) - Index: 2, Size: 0
java.lang.IndexOutOfBoundsException: Index: 2, Size: 0
	at java.util.ArrayList.rangeCheck(ArrayList.java:653)
	at java.util.ArrayList.get(ArrayList.java:429)
	at com.github.xianzhuo.myLunch.Lunch.getTodayFood(Lunch.java:88)
	at com.github.xianzhuo.myLunch.FoodTask.run(PeriodTask.java:44)
	at java.util.concurrent.Executors$RunnableAdapter.call(Executors.java:511)
	at java.util.concurrent.FutureTask.runAndReset(FutureTask.java:308)
	at java.util.concurrent.ScheduledThreadPoolExecutor$ScheduledFutureTask.access$301(ScheduledThreadPoolExecutor.java:180)
	at java.util.concurrent.ScheduledThreadPoolExecutor$ScheduledFutureTask.run(ScheduledThreadPoolExecutor.java:294)
	at java.util.concurrent.ThreadPoolExecutor.runWorker(ThreadPoolExecutor.java:1142)
	at java.util.concurrent.ThreadPoolExecutor$Worker.run(ThreadPoolExecutor.java:617)
	at java.lang.Thread.run(Thread.java:745)
2016-10-25 23:05:01 [ INFO] - com.github.xianzhuo.myLunch.Lunch - [thread: main] -  Lunch.java(105) - {foods:[牛肉面,包子,米线,炒面,盖浇]}
2016-10-25 23:06:00 [ INFO] - com.github.xianzhuo.myLunch.Lunch - [thread: pool-1-thread-1] -  Lunch.java(105) - {menu:[米线,炒面,炒面,米线,包子]}
2016-10-25 23:06:00 [ INFO] - com.github.xianzhuo.myLunch.Lunch - [thread: pool-1-thread-1] -  Lunch.java(91) - Today's food is [炒面]
2016-10-25 23:07:00 [ INFO] - com.github.xianzhuo.myLunch.Lunch - [thread: pool-1-thread-1] -  Lunch.java(91) - Today's food is [炒面]
2016-10-25 23:08:00 [ INFO] - com.github.xianzhuo.myLunch.Lunch - [thread: pool-1-thread-1] -  Lunch.java(91) - Today's food is [炒面]
2016-10-25 23:09:00 [ INFO] - com.github.xianzhuo.myLunch.Lunch - [thread: pool-1-thread-1] -  Lunch.java(91) - Today's food is [炒面]
2016-10-25 23:10:00 [ INFO] - com.github.xianzhuo.myLunch.Lunch - [thread: pool-1-thread-1] -  Lunch.java(91) - Today's food is [炒面]
2016-10-25 23:11:00 [ INFO] - com.github.xianzhuo.myLunch.Lunch - [thread: pool-1-thread-1] -  Lunch.java(91) - Today's food is [炒面]
2016-10-25 23:12:00 [ INFO] - com.github.xianzhuo.myLunch.Lunch - [thread: pool-1-thread-1] -  Lunch.java(91) - Today's food is [炒面]
2016-10-25 23:13:00 [ INFO] - com.github.xianzhuo.myLunch.Lunch - [thread: pool-1-thread-1] -  Lunch.java(91) - Today's food is [炒面]
2016-10-25 23:14:00 [ INFO] - com.github.xianzhuo.myLunch.Lunch - [thread: pool-1-thread-1] -  Lunch.java(91) - Today's food is [炒面]
2016-10-25 23:15:00 [ INFO] - com.github.xianzhuo.myLunch.Lunch - [thread: pool-1-thread-1] -  Lunch.java(91) - Today's food is [炒面]
2016-10-25 23:16:00 [ INFO] - com.github.xianzhuo.myLunch.Lunch - [thread: pool-1-thread-1] -  Lunch.java(91) - Today's food is [炒面]
2016-10-25 23:17:00 [ INFO] - com.github.xianzhuo.myLunch.Lunch - [thread: pool-1-thread-1] -  Lunch.java(91) - Today's food is [炒面]
2016-10-25 23:18:00 [ INFO] - com.github.xianzhuo.myLunch.Lunch - [thread: pool-1-thread-1] -  Lunch.java(91) - Today's food is [炒面]
2016-10-25 23:18:15 [ INFO] - com.github.xianzhuo.myLunch.Lunch - [thread: main] -  PeriodTask.java(22) - Init PeriodTask - period time: [23:19:00]
2016-10-25 23:18:15 [ INFO] - com.github.xianzhuo.myLunch.Lunch - [thread: main] -  PeriodTask.java(28) - Init PeriodTask finish. Application start...
2016-10-25 23:18:15 [ INFO] - com.github.xianzhuo.myLunch.Lunch - [thread: main] -  Lunch.java(34) - Init Lunch - config path: src/resources/log4j.properties
2016-10-25 23:18:15 [ INFO] - com.github.xianzhuo.myLunch.Lunch - [thread: main] -  Lunch.java(35) - Init Lunch - foods: [牛肉面,包子,米线,炒面,盖浇]
2016-10-25 23:19:08 [ INFO] - com.github.xianzhuo.myLunch.Lunch - [thread: main] -  PeriodTask.java(22) - Init PeriodTask - period time: [23:19:00]
2016-10-25 23:19:08 [ INFO] - com.github.xianzhuo.myLunch.Lunch - [thread: main] -  PeriodTask.java(28) - Init PeriodTask finish. Application start...
2016-10-25 23:19:08 [ INFO] - com.github.xianzhuo.myLunch.Lunch - [thread: main] -  Lunch.java(34) - Init Lunch - config path: src/resources/log4j.properties
2016-10-25 23:19:08 [ INFO] - com.github.xianzhuo.myLunch.Lunch - [thread: main] -  Lunch.java(35) - Init Lunch - foods: [牛肉面,包子,米线,炒面,盖浇]
2016-10-25 23:19:08 [ INFO] - com.github.xianzhuo.myLunch.Lunch - [thread: main] -  Lunch.java(36) - Init Lunch - menu: []
2016-10-25 23:19:08 [ INFO] - com.github.xianzhuo.myLunch.Lunch - [thread: main] -  Lunch.java(37) - Init Lunch - week day: [5]
2016-10-25 23:19:08 [ INFO] - com.github.xianzhuo.myLunch.Lunch - [thread: main] -  Lunch.java(38) - Init Lunch finish.
2016-10-25 23:20:00 [ INFO] - com.github.xianzhuo.myLunch.Lunch - [thread: main] -  PeriodTask.java(22) - Init PeriodTask - period time: [23:20:00]
2016-10-25 23:20:00 [ INFO] - com.github.xianzhuo.myLunch.Lunch - [thread: main] -  Lunch.java(34) - Init Lunch - config path: src/resources/log4j.properties
2016-10-25 23:20:00 [ INFO] - com.github.xianzhuo.myLunch.Lunch - [thread: main] -  Lunch.java(35) - Init Lunch - foods: [牛肉面,包子,米线,炒面,盖浇]
2016-10-25 23:20:00 [ INFO] - com.github.xianzhuo.myLunch.Lunch - [thread: main] -  Lunch.java(36) - Init Lunch - menu: []
2016-10-25 23:20:00 [ INFO] - com.github.xianzhuo.myLunch.Lunch - [thread: main] -  Lunch.java(37) - Init Lunch - week day: [5]
2016-10-25 23:20:00 [ INFO] - com.github.xianzhuo.myLunch.Lunch - [thread: main] -  Lunch.java(38) - Init Lunch finish.
2016-10-25 23:20:25 [ INFO] - com.github.xianzhuo.myLunch.Lunch - [thread: main] -  PeriodTask.java(22) - Init PeriodTask - period time: [23:21:00]
2016-10-25 23:20:25 [ INFO] - com.github.xianzhuo.myLunch.Lunch - [thread: main] -  Lunch.java(34) - Init Lunch - config path: src/resources/log4j.properties
2016-10-25 23:20:25 [ INFO] - com.github.xianzhuo.myLunch.Lunch - [thread: main] -  Lunch.java(35) - Init Lunch - foods: [牛肉面,包子,米线,炒面,盖浇]
2016-10-25 23:20:25 [ INFO] - com.github.xianzhuo.myLunch.Lunch - [thread: main] -  Lunch.java(36) - Init Lunch - menu: []
2016-10-25 23:20:25 [ INFO] - com.github.xianzhuo.myLunch.Lunch - [thread: main] -  Lunch.java(37) - Init Lunch - week day: [5]
2016-10-25 23:20:25 [ INFO] - com.github.xianzhuo.myLunch.Lunch - [thread: main] -  Lunch.java(38) - Init Lunch finish.
2016-10-25 23:21:00 [ INFO] - com.github.xianzhuo.myLunch.Lunch - [thread: pool-1-thread-1] -  PeriodTask.java(47) - Init PeriodTask finish. Application start...
2016-10-25 23:21:00 [ INFO] - com.github.xianzhuo.myLunch.Lunch - [thread: pool-1-thread-1] -  Lunch.java(79) - {menu: [盖浇,包子,米线,炒面,牛肉面]}
2016-10-25 23:21:00 [ INFO] - com.github.xianzhuo.myLunch.Lunch - [thread: pool-1-thread-1] -  Lunch.java(95) - Today's food is [米线]
2016-10-25 23:22:00 [ INFO] - com.github.xianzhuo.myLunch.Lunch - [thread: pool-1-thread-1] -  PeriodTask.java(47) - Init PeriodTask finish. Application start...
2016-10-25 23:22:00 [ INFO] - com.github.xianzhuo.myLunch.Lunch - [thread: pool-1-thread-1] -  Lunch.java(95) - Today's food is [米线]
